{"C:\\Users\\owner\\Dev\\tools\\lp-packager\\src\\utils\\marker-parser.ts": {"path":"C:\\Users\\owner\\Dev\\tools\\lp-packager\\src\\utils\\marker-parser.ts","all":false,"statementMap":{"0":{"start":{"line":1,"column":0},"end":{"line":1,"column":3}},"1":{"start":{"line":2,"column":0},"end":{"line":2,"column":21}},"2":{"start":{"line":3,"column":0},"end":{"line":3,"column":2}},"3":{"start":{"line":4,"column":0},"end":{"line":4,"column":83}},"4":{"start":{"line":5,"column":0},"end":{"line":5,"column":3}},"5":{"start":{"line":6,"column":0},"end":{"line":6,"column":0}},"6":{"start":{"line":7,"column":0},"end":{"line":7,"column":78}},"7":{"start":{"line":8,"column":0},"end":{"line":8,"column":13}},"8":{"start":{"line":9,"column":0},"end":{"line":9,"column":17}},"9":{"start":{"line":10,"column":0},"end":{"line":10,"column":13}},"10":{"start":{"line":11,"column":0},"end":{"line":11,"column":14}},"11":{"start":{"line":12,"column":0},"end":{"line":12,"column":13}},"12":{"start":{"line":13,"column":0},"end":{"line":13,"column":14}},"13":{"start":{"line":14,"column":0},"end":{"line":14,"column":20}},"14":{"start":{"line":15,"column":0},"end":{"line":15,"column":21}},"15":{"start":{"line":16,"column":0},"end":{"line":16,"column":17}},"16":{"start":{"line":17,"column":0},"end":{"line":17,"column":0}},"17":{"start":{"line":18,"column":0},"end":{"line":18,"column":92}},"18":{"start":{"line":19,"column":0},"end":{"line":19,"column":0}},"19":{"start":{"line":20,"column":0},"end":{"line":20,"column":3}},"20":{"start":{"line":21,"column":0},"end":{"line":21,"column":42}},"21":{"start":{"line":22,"column":0},"end":{"line":22,"column":3}},"22":{"start":{"line":23,"column":0},"end":{"line":23,"column":45}},"23":{"start":{"line":24,"column":0},"end":{"line":24,"column":27}},"24":{"start":{"line":25,"column":0},"end":{"line":25,"column":29}},"25":{"start":{"line":26,"column":0},"end":{"line":26,"column":3}},"26":{"start":{"line":27,"column":0},"end":{"line":27,"column":38}},"27":{"start":{"line":28,"column":0},"end":{"line":28,"column":40}},"28":{"start":{"line":29,"column":0},"end":{"line":29,"column":0}},"29":{"start":{"line":30,"column":0},"end":{"line":30,"column":50}},"30":{"start":{"line":31,"column":0},"end":{"line":31,"column":16}},"31":{"start":{"line":32,"column":0},"end":{"line":32,"column":63}},"32":{"start":{"line":33,"column":0},"end":{"line":33,"column":5}},"33":{"start":{"line":34,"column":0},"end":{"line":34,"column":0}},"34":{"start":{"line":35,"column":0},"end":{"line":35,"column":51}},"35":{"start":{"line":36,"column":0},"end":{"line":36,"column":4}},"36":{"start":{"line":37,"column":0},"end":{"line":37,"column":0}},"37":{"start":{"line":38,"column":0},"end":{"line":38,"column":38}},"38":{"start":{"line":39,"column":0},"end":{"line":39,"column":24}},"39":{"start":{"line":40,"column":0},"end":{"line":40,"column":34}},"40":{"start":{"line":41,"column":0},"end":{"line":41,"column":4}},"41":{"start":{"line":42,"column":0},"end":{"line":42,"column":0}},"42":{"start":{"line":43,"column":0},"end":{"line":43,"column":20}},"43":{"start":{"line":44,"column":0},"end":{"line":44,"column":14}},"44":{"start":{"line":45,"column":0},"end":{"line":45,"column":0}},"45":{"start":{"line":46,"column":0},"end":{"line":46,"column":34}},"46":{"start":{"line":47,"column":0},"end":{"line":47,"column":1}},"47":{"start":{"line":48,"column":0},"end":{"line":48,"column":0}},"48":{"start":{"line":49,"column":0},"end":{"line":49,"column":3}},"49":{"start":{"line":50,"column":0},"end":{"line":50,"column":33}},"50":{"start":{"line":51,"column":0},"end":{"line":51,"column":3}},"51":{"start":{"line":52,"column":0},"end":{"line":52,"column":23}},"52":{"start":{"line":53,"column":0},"end":{"line":53,"column":21}},"53":{"start":{"line":54,"column":0},"end":{"line":54,"column":28}},"54":{"start":{"line":55,"column":0},"end":{"line":55,"column":30}},"55":{"start":{"line":56,"column":0},"end":{"line":56,"column":15}},"56":{"start":{"line":57,"column":0},"end":{"line":57,"column":30}},"57":{"start":{"line":58,"column":0},"end":{"line":58,"column":27}},"58":{"start":{"line":59,"column":0},"end":{"line":59,"column":9}},"59":{"start":{"line":60,"column":0},"end":{"line":60,"column":29}},"60":{"start":{"line":61,"column":0},"end":{"line":61,"column":37}},"61":{"start":{"line":62,"column":0},"end":{"line":62,"column":0}},"62":{"start":{"line":63,"column":0},"end":{"line":63,"column":35}},"63":{"start":{"line":64,"column":0},"end":{"line":64,"column":0}},"64":{"start":{"line":65,"column":0},"end":{"line":65,"column":33}},"65":{"start":{"line":66,"column":0},"end":{"line":66,"column":41}},"66":{"start":{"line":67,"column":0},"end":{"line":67,"column":57}},"67":{"start":{"line":68,"column":0},"end":{"line":68,"column":36}},"68":{"start":{"line":69,"column":0},"end":{"line":69,"column":0}},"69":{"start":{"line":70,"column":0},"end":{"line":70,"column":29}},"70":{"start":{"line":71,"column":0},"end":{"line":71,"column":44}},"71":{"start":{"line":72,"column":0},"end":{"line":72,"column":103}},"72":{"start":{"line":73,"column":0},"end":{"line":73,"column":20}},"73":{"start":{"line":74,"column":0},"end":{"line":74,"column":0}},"74":{"start":{"line":75,"column":0},"end":{"line":75,"column":38}},"75":{"start":{"line":76,"column":0},"end":{"line":76,"column":61}},"76":{"start":{"line":77,"column":0},"end":{"line":77,"column":96}},"77":{"start":{"line":78,"column":0},"end":{"line":78,"column":42}},"78":{"start":{"line":79,"column":0},"end":{"line":79,"column":8}},"79":{"start":{"line":80,"column":0},"end":{"line":80,"column":0}},"80":{"start":{"line":81,"column":0},"end":{"line":81,"column":14}},"81":{"start":{"line":82,"column":0},"end":{"line":82,"column":5}},"82":{"start":{"line":83,"column":0},"end":{"line":83,"column":0}},"83":{"start":{"line":84,"column":0},"end":{"line":84,"column":48}},"84":{"start":{"line":85,"column":0},"end":{"line":85,"column":60}},"85":{"start":{"line":86,"column":0},"end":{"line":86,"column":14}},"86":{"start":{"line":87,"column":0},"end":{"line":87,"column":5}},"87":{"start":{"line":88,"column":0},"end":{"line":88,"column":0}},"88":{"start":{"line":89,"column":0},"end":{"line":89,"column":32}},"89":{"start":{"line":90,"column":0},"end":{"line":90,"column":75}},"90":{"start":{"line":91,"column":0},"end":{"line":91,"column":47}},"91":{"start":{"line":92,"column":0},"end":{"line":92,"column":19}},"92":{"start":{"line":93,"column":0},"end":{"line":93,"column":62}},"93":{"start":{"line":94,"column":0},"end":{"line":94,"column":39}},"94":{"start":{"line":95,"column":0},"end":{"line":95,"column":30}},"95":{"start":{"line":96,"column":0},"end":{"line":96,"column":16}},"96":{"start":{"line":97,"column":0},"end":{"line":97,"column":30}},"97":{"start":{"line":98,"column":0},"end":{"line":98,"column":9}},"98":{"start":{"line":99,"column":0},"end":{"line":99,"column":7}},"99":{"start":{"line":100,"column":0},"end":{"line":100,"column":5}},"100":{"start":{"line":101,"column":0},"end":{"line":101,"column":0}},"101":{"start":{"line":102,"column":0},"end":{"line":102,"column":35}},"102":{"start":{"line":103,"column":0},"end":{"line":103,"column":27}},"103":{"start":{"line":104,"column":0},"end":{"line":104,"column":99}},"104":{"start":{"line":105,"column":0},"end":{"line":105,"column":5}},"105":{"start":{"line":106,"column":0},"end":{"line":106,"column":3}},"106":{"start":{"line":107,"column":0},"end":{"line":107,"column":1}},"107":{"start":{"line":108,"column":0},"end":{"line":108,"column":0}},"108":{"start":{"line":109,"column":0},"end":{"line":109,"column":3}},"109":{"start":{"line":110,"column":0},"end":{"line":110,"column":49}},"110":{"start":{"line":111,"column":0},"end":{"line":111,"column":3}},"111":{"start":{"line":112,"column":0},"end":{"line":112,"column":77}},"112":{"start":{"line":113,"column":0},"end":{"line":113,"column":45}},"113":{"start":{"line":114,"column":0},"end":{"line":114,"column":46}},"114":{"start":{"line":115,"column":0},"end":{"line":115,"column":0}},"115":{"start":{"line":116,"column":0},"end":{"line":116,"column":34}},"116":{"start":{"line":117,"column":0},"end":{"line":117,"column":0}},"117":{"start":{"line":118,"column":0},"end":{"line":118,"column":36}},"118":{"start":{"line":119,"column":0},"end":{"line":119,"column":37}},"119":{"start":{"line":120,"column":0},"end":{"line":120,"column":15}},"120":{"start":{"line":121,"column":0},"end":{"line":121,"column":3}},"121":{"start":{"line":122,"column":0},"end":{"line":122,"column":0}},"122":{"start":{"line":123,"column":0},"end":{"line":123,"column":53}},"123":{"start":{"line":124,"column":0},"end":{"line":124,"column":0}},"124":{"start":{"line":125,"column":0},"end":{"line":125,"column":35}},"125":{"start":{"line":126,"column":0},"end":{"line":126,"column":42}},"126":{"start":{"line":127,"column":0},"end":{"line":127,"column":27}},"127":{"start":{"line":128,"column":0},"end":{"line":128,"column":29}},"128":{"start":{"line":129,"column":0},"end":{"line":129,"column":0}},"129":{"start":{"line":130,"column":0},"end":{"line":130,"column":27}},"130":{"start":{"line":131,"column":0},"end":{"line":131,"column":47}},"131":{"start":{"line":132,"column":0},"end":{"line":132,"column":63}},"132":{"start":{"line":133,"column":0},"end":{"line":133,"column":75}},"133":{"start":{"line":134,"column":0},"end":{"line":134,"column":29}},"134":{"start":{"line":135,"column":0},"end":{"line":135,"column":5}},"135":{"start":{"line":136,"column":0},"end":{"line":136,"column":3}},"136":{"start":{"line":137,"column":0},"end":{"line":137,"column":0}},"137":{"start":{"line":138,"column":0},"end":{"line":138,"column":10}},"138":{"start":{"line":139,"column":0},"end":{"line":139,"column":7}},"139":{"start":{"line":140,"column":0},"end":{"line":140,"column":9}},"140":{"start":{"line":141,"column":0},"end":{"line":141,"column":41}},"141":{"start":{"line":142,"column":0},"end":{"line":142,"column":41}},"142":{"start":{"line":143,"column":0},"end":{"line":143,"column":53}},"143":{"start":{"line":144,"column":0},"end":{"line":144,"column":26}},"144":{"start":{"line":145,"column":0},"end":{"line":145,"column":9}},"145":{"start":{"line":146,"column":0},"end":{"line":146,"column":11}},"146":{"start":{"line":147,"column":0},"end":{"line":147,"column":17}},"147":{"start":{"line":148,"column":0},"end":{"line":148,"column":15}},"148":{"start":{"line":149,"column":0},"end":{"line":149,"column":3}},"149":{"start":{"line":150,"column":0},"end":{"line":150,"column":1}},"150":{"start":{"line":151,"column":0},"end":{"line":151,"column":0}},"151":{"start":{"line":152,"column":0},"end":{"line":152,"column":3}},"152":{"start":{"line":153,"column":0},"end":{"line":153,"column":39}},"153":{"start":{"line":154,"column":0},"end":{"line":154,"column":3}},"154":{"start":{"line":155,"column":0},"end":{"line":155,"column":72}},"155":{"start":{"line":156,"column":0},"end":{"line":156,"column":43}},"156":{"start":{"line":157,"column":0},"end":{"line":157,"column":62}},"157":{"start":{"line":158,"column":0},"end":{"line":158,"column":64}},"158":{"start":{"line":159,"column":0},"end":{"line":159,"column":45}},"159":{"start":{"line":160,"column":0},"end":{"line":160,"column":0}},"160":{"start":{"line":161,"column":0},"end":{"line":161,"column":10}},"161":{"start":{"line":162,"column":0},"end":{"line":162,"column":7}},"162":{"start":{"line":163,"column":0},"end":{"line":163,"column":8}},"163":{"start":{"line":164,"column":0},"end":{"line":164,"column":8}},"164":{"start":{"line":165,"column":0},"end":{"line":165,"column":14}},"165":{"start":{"line":166,"column":0},"end":{"line":166,"column":9}},"166":{"start":{"line":167,"column":0},"end":{"line":167,"column":3}},"167":{"start":{"line":168,"column":0},"end":{"line":168,"column":1}},"168":{"start":{"line":169,"column":0},"end":{"line":169,"column":0}},"169":{"start":{"line":170,"column":0},"end":{"line":170,"column":3}},"170":{"start":{"line":171,"column":0},"end":{"line":171,"column":74}},"171":{"start":{"line":172,"column":0},"end":{"line":172,"column":3}},"172":{"start":{"line":173,"column":0},"end":{"line":173,"column":51}},"173":{"start":{"line":174,"column":0},"end":{"line":174,"column":15}},"174":{"start":{"line":175,"column":0},"end":{"line":175,"column":0}},"175":{"start":{"line":176,"column":0},"end":{"line":176,"column":47}},"176":{"start":{"line":177,"column":0},"end":{"line":177,"column":32}},"177":{"start":{"line":178,"column":0},"end":{"line":178,"column":57}},"178":{"start":{"line":179,"column":0},"end":{"line":179,"column":38}},"179":{"start":{"line":180,"column":0},"end":{"line":180,"column":55}},"180":{"start":{"line":181,"column":0},"end":{"line":181,"column":45}},"181":{"start":{"line":182,"column":0},"end":{"line":182,"column":29}},"182":{"start":{"line":183,"column":0},"end":{"line":183,"column":20}},"183":{"start":{"line":184,"column":0},"end":{"line":184,"column":14}},"184":{"start":{"line":185,"column":0},"end":{"line":185,"column":48}},"185":{"start":{"line":186,"column":0},"end":{"line":186,"column":7}},"186":{"start":{"line":187,"column":0},"end":{"line":187,"column":5}},"187":{"start":{"line":188,"column":0},"end":{"line":188,"column":3}},"188":{"start":{"line":189,"column":0},"end":{"line":189,"column":0}},"189":{"start":{"line":190,"column":0},"end":{"line":190,"column":20}},"190":{"start":{"line":191,"column":0},"end":{"line":191,"column":1}},"191":{"start":{"line":192,"column":0},"end":{"line":192,"column":0}},"192":{"start":{"line":193,"column":0},"end":{"line":193,"column":3}},"193":{"start":{"line":194,"column":0},"end":{"line":194,"column":50}},"194":{"start":{"line":195,"column":0},"end":{"line":195,"column":3}},"195":{"start":{"line":196,"column":0},"end":{"line":196,"column":49}},"196":{"start":{"line":197,"column":0},"end":{"line":197,"column":28}},"197":{"start":{"line":198,"column":0},"end":{"line":198,"column":0}},"198":{"start":{"line":199,"column":0},"end":{"line":199,"column":47}},"199":{"start":{"line":200,"column":0},"end":{"line":200,"column":32}},"200":{"start":{"line":201,"column":0},"end":{"line":201,"column":61}},"201":{"start":{"line":202,"column":0},"end":{"line":202,"column":38}},"202":{"start":{"line":203,"column":0},"end":{"line":203,"column":43}},"203":{"start":{"line":204,"column":0},"end":{"line":204,"column":62}},"204":{"start":{"line":205,"column":0},"end":{"line":205,"column":39}},"205":{"start":{"line":206,"column":0},"end":{"line":206,"column":18}},"206":{"start":{"line":207,"column":0},"end":{"line":207,"column":90}},"207":{"start":{"line":208,"column":0},"end":{"line":208,"column":48}},"208":{"start":{"line":209,"column":0},"end":{"line":209,"column":53}},"209":{"start":{"line":210,"column":0},"end":{"line":210,"column":56}},"210":{"start":{"line":211,"column":0},"end":{"line":211,"column":5}},"211":{"start":{"line":212,"column":0},"end":{"line":212,"column":3}},"212":{"start":{"line":213,"column":0},"end":{"line":213,"column":0}},"213":{"start":{"line":214,"column":0},"end":{"line":214,"column":30}},"214":{"start":{"line":215,"column":0},"end":{"line":215,"column":1}},"215":{"start":{"line":216,"column":0},"end":{"line":216,"column":0}},"216":{"start":{"line":217,"column":0},"end":{"line":217,"column":3}},"217":{"start":{"line":218,"column":0},"end":{"line":218,"column":43}},"218":{"start":{"line":219,"column":0},"end":{"line":219,"column":3}},"219":{"start":{"line":220,"column":0},"end":{"line":220,"column":88}},"220":{"start":{"line":221,"column":0},"end":{"line":221,"column":79}},"221":{"start":{"line":222,"column":0},"end":{"line":222,"column":53}},"222":{"start":{"line":223,"column":0},"end":{"line":223,"column":112}},"223":{"start":{"line":224,"column":0},"end":{"line":224,"column":38}},"224":{"start":{"line":225,"column":0},"end":{"line":225,"column":0}},"225":{"start":{"line":226,"column":0},"end":{"line":226,"column":43}},"226":{"start":{"line":227,"column":0},"end":{"line":227,"column":50}},"227":{"start":{"line":228,"column":0},"end":{"line":228,"column":41}},"228":{"start":{"line":229,"column":0},"end":{"line":229,"column":12}},"229":{"start":{"line":230,"column":0},"end":{"line":230,"column":25}},"230":{"start":{"line":231,"column":0},"end":{"line":231,"column":49}},"231":{"start":{"line":232,"column":0},"end":{"line":232,"column":5}},"232":{"start":{"line":233,"column":0},"end":{"line":233,"column":3}},"233":{"start":{"line":234,"column":0},"end":{"line":234,"column":0}},"234":{"start":{"line":235,"column":0},"end":{"line":235,"column":31}},"235":{"start":{"line":236,"column":0},"end":{"line":236,"column":1}},"236":{"start":{"line":237,"column":0},"end":{"line":237,"column":0}},"237":{"start":{"line":238,"column":0},"end":{"line":238,"column":3}},"238":{"start":{"line":239,"column":0},"end":{"line":239,"column":40}},"239":{"start":{"line":240,"column":0},"end":{"line":240,"column":3}},"240":{"start":{"line":241,"column":0},"end":{"line":241,"column":60}},"241":{"start":{"line":242,"column":0},"end":{"line":242,"column":34}},"242":{"start":{"line":243,"column":0},"end":{"line":243,"column":0}},"243":{"start":{"line":244,"column":0},"end":{"line":244,"column":35}},"244":{"start":{"line":245,"column":0},"end":{"line":245,"column":44}},"245":{"start":{"line":246,"column":0},"end":{"line":246,"column":39}},"246":{"start":{"line":247,"column":0},"end":{"line":247,"column":0}},"247":{"start":{"line":248,"column":0},"end":{"line":248,"column":27}},"248":{"start":{"line":249,"column":0},"end":{"line":249,"column":0}},"249":{"start":{"line":250,"column":0},"end":{"line":250,"column":34}},"250":{"start":{"line":251,"column":0},"end":{"line":251,"column":28}},"251":{"start":{"line":252,"column":0},"end":{"line":252,"column":52}},"252":{"start":{"line":253,"column":0},"end":{"line":253,"column":40}},"253":{"start":{"line":254,"column":0},"end":{"line":254,"column":0}},"254":{"start":{"line":255,"column":0},"end":{"line":255,"column":62}},"255":{"start":{"line":256,"column":0},"end":{"line":256,"column":42}},"256":{"start":{"line":257,"column":0},"end":{"line":257,"column":19}},"257":{"start":{"line":258,"column":0},"end":{"line":258,"column":34}},"258":{"start":{"line":259,"column":0},"end":{"line":259,"column":28}},"259":{"start":{"line":260,"column":0},"end":{"line":260,"column":8}},"260":{"start":{"line":261,"column":0},"end":{"line":261,"column":5}},"261":{"start":{"line":262,"column":0},"end":{"line":262,"column":3}},"262":{"start":{"line":263,"column":0},"end":{"line":263,"column":0}},"263":{"start":{"line":264,"column":0},"end":{"line":264,"column":15}},"264":{"start":{"line":265,"column":0},"end":{"line":265,"column":1}},"265":{"start":{"line":266,"column":0},"end":{"line":266,"column":0}},"266":{"start":{"line":267,"column":0},"end":{"line":267,"column":3}},"267":{"start":{"line":268,"column":0},"end":{"line":268,"column":50}},"268":{"start":{"line":269,"column":0},"end":{"line":269,"column":3}},"269":{"start":{"line":270,"column":0},"end":{"line":270,"column":32}},"270":{"start":{"line":271,"column":0},"end":{"line":271,"column":28}},"271":{"start":{"line":272,"column":0},"end":{"line":272,"column":29}},"272":{"start":{"line":273,"column":0},"end":{"line":273,"column":24}},"273":{"start":{"line":274,"column":0},"end":{"line":274,"column":45}},"274":{"start":{"line":275,"column":0},"end":{"line":275,"column":0}},"275":{"start":{"line":276,"column":0},"end":{"line":276,"column":28}},"276":{"start":{"line":277,"column":0},"end":{"line":277,"column":54}},"277":{"start":{"line":278,"column":0},"end":{"line":278,"column":33}},"278":{"start":{"line":279,"column":0},"end":{"line":279,"column":50}},"279":{"start":{"line":280,"column":0},"end":{"line":280,"column":25}},"280":{"start":{"line":281,"column":0},"end":{"line":281,"column":37}},"281":{"start":{"line":282,"column":0},"end":{"line":282,"column":3}},"282":{"start":{"line":283,"column":0},"end":{"line":283,"column":0}},"283":{"start":{"line":284,"column":0},"end":{"line":284,"column":45}},"284":{"start":{"line":285,"column":0},"end":{"line":285,"column":33}},"285":{"start":{"line":286,"column":0},"end":{"line":286,"column":24}},"286":{"start":{"line":287,"column":0},"end":{"line":287,"column":26}},"287":{"start":{"line":288,"column":0},"end":{"line":288,"column":34}},"288":{"start":{"line":289,"column":0},"end":{"line":289,"column":38}},"289":{"start":{"line":290,"column":0},"end":{"line":290,"column":54}},"290":{"start":{"line":291,"column":0},"end":{"line":291,"column":21}},"291":{"start":{"line":292,"column":0},"end":{"line":292,"column":26}},"292":{"start":{"line":293,"column":0},"end":{"line":293,"column":8}},"293":{"start":{"line":294,"column":0},"end":{"line":294,"column":5}},"294":{"start":{"line":295,"column":0},"end":{"line":295,"column":3}},"295":{"start":{"line":296,"column":0},"end":{"line":296,"column":0}},"296":{"start":{"line":297,"column":0},"end":{"line":297,"column":25}},"297":{"start":{"line":298,"column":0},"end":{"line":298,"column":33}},"298":{"start":{"line":299,"column":0},"end":{"line":299,"column":24}},"299":{"start":{"line":300,"column":0},"end":{"line":300,"column":34}},"300":{"start":{"line":301,"column":0},"end":{"line":301,"column":32}},"301":{"start":{"line":302,"column":0},"end":{"line":302,"column":35}},"302":{"start":{"line":303,"column":0},"end":{"line":303,"column":26}},"303":{"start":{"line":304,"column":0},"end":{"line":304,"column":30}},"304":{"start":{"line":305,"column":0},"end":{"line":305,"column":28}},"305":{"start":{"line":306,"column":0},"end":{"line":306,"column":32}},"306":{"start":{"line":307,"column":0},"end":{"line":307,"column":63}},"307":{"start":{"line":308,"column":0},"end":{"line":308,"column":30}},"308":{"start":{"line":309,"column":0},"end":{"line":309,"column":28}},"309":{"start":{"line":310,"column":0},"end":{"line":310,"column":10}},"310":{"start":{"line":311,"column":0},"end":{"line":311,"column":7}},"311":{"start":{"line":312,"column":0},"end":{"line":312,"column":0}},"312":{"start":{"line":313,"column":0},"end":{"line":313,"column":31}},"313":{"start":{"line":314,"column":0},"end":{"line":314,"column":45}},"314":{"start":{"line":315,"column":0},"end":{"line":315,"column":68}},"315":{"start":{"line":316,"column":0},"end":{"line":316,"column":26}},"316":{"start":{"line":317,"column":0},"end":{"line":317,"column":30}},"317":{"start":{"line":318,"column":0},"end":{"line":318,"column":28}},"318":{"start":{"line":319,"column":0},"end":{"line":319,"column":32}},"319":{"start":{"line":320,"column":0},"end":{"line":320,"column":67}},"320":{"start":{"line":321,"column":0},"end":{"line":321,"column":30}},"321":{"start":{"line":322,"column":0},"end":{"line":322,"column":31}},"322":{"start":{"line":323,"column":0},"end":{"line":323,"column":10}},"323":{"start":{"line":324,"column":0},"end":{"line":324,"column":7}},"324":{"start":{"line":325,"column":0},"end":{"line":325,"column":5}},"325":{"start":{"line":326,"column":0},"end":{"line":326,"column":0}},"326":{"start":{"line":327,"column":0},"end":{"line":327,"column":30}},"327":{"start":{"line":328,"column":0},"end":{"line":328,"column":24}},"328":{"start":{"line":329,"column":0},"end":{"line":329,"column":24}},"329":{"start":{"line":330,"column":0},"end":{"line":330,"column":25}},"330":{"start":{"line":331,"column":0},"end":{"line":331,"column":26}},"331":{"start":{"line":332,"column":0},"end":{"line":332,"column":30}},"332":{"start":{"line":333,"column":0},"end":{"line":333,"column":64}},"333":{"start":{"line":334,"column":0},"end":{"line":334,"column":28}},"334":{"start":{"line":335,"column":0},"end":{"line":335,"column":30}},"335":{"start":{"line":336,"column":0},"end":{"line":336,"column":8}},"336":{"start":{"line":337,"column":0},"end":{"line":337,"column":5}},"337":{"start":{"line":338,"column":0},"end":{"line":338,"column":3}},"338":{"start":{"line":339,"column":0},"end":{"line":339,"column":0}},"339":{"start":{"line":340,"column":0},"end":{"line":340,"column":27}},"340":{"start":{"line":341,"column":0},"end":{"line":341,"column":43}},"341":{"start":{"line":342,"column":0},"end":{"line":342,"column":44}},"342":{"start":{"line":343,"column":0},"end":{"line":343,"column":24}},"343":{"start":{"line":344,"column":0},"end":{"line":344,"column":26}},"344":{"start":{"line":345,"column":0},"end":{"line":345,"column":31}},"345":{"start":{"line":346,"column":0},"end":{"line":346,"column":18}},"346":{"start":{"line":347,"column":0},"end":{"line":347,"column":119}},"347":{"start":{"line":348,"column":0},"end":{"line":348,"column":33}},"348":{"start":{"line":349,"column":0},"end":{"line":349,"column":31}},"349":{"start":{"line":350,"column":0},"end":{"line":350,"column":8}},"350":{"start":{"line":351,"column":0},"end":{"line":351,"column":5}},"351":{"start":{"line":352,"column":0},"end":{"line":352,"column":3}},"352":{"start":{"line":353,"column":0},"end":{"line":353,"column":0}},"353":{"start":{"line":354,"column":0},"end":{"line":354,"column":20}},"354":{"start":{"line":355,"column":0},"end":{"line":355,"column":1}},"355":{"start":{"line":356,"column":0},"end":{"line":356,"column":0}},"356":{"start":{"line":357,"column":0},"end":{"line":357,"column":3}},"357":{"start":{"line":358,"column":0},"end":{"line":358,"column":29}},"358":{"start":{"line":359,"column":0},"end":{"line":359,"column":3}},"359":{"start":{"line":360,"column":0},"end":{"line":360,"column":42}},"360":{"start":{"line":361,"column":0},"end":{"line":361,"column":27}},"361":{"start":{"line":362,"column":0},"end":{"line":362,"column":29}},"362":{"start":{"line":363,"column":0},"end":{"line":363,"column":23}},"363":{"start":{"line":364,"column":0},"end":{"line":364,"column":34}},"364":{"start":{"line":365,"column":0},"end":{"line":365,"column":3}},"365":{"start":{"line":366,"column":0},"end":{"line":366,"column":54}},"366":{"start":{"line":367,"column":0},"end":{"line":367,"column":36}},"367":{"start":{"line":368,"column":0},"end":{"line":368,"column":60}},"368":{"start":{"line":369,"column":0},"end":{"line":369,"column":0}},"369":{"start":{"line":370,"column":0},"end":{"line":370,"column":10}},"370":{"start":{"line":371,"column":0},"end":{"line":371,"column":12}},"371":{"start":{"line":372,"column":0},"end":{"line":372,"column":17}},"372":{"start":{"line":373,"column":0},"end":{"line":373,"column":11}},"373":{"start":{"line":374,"column":0},"end":{"line":374,"column":16}},"374":{"start":{"line":375,"column":0},"end":{"line":375,"column":3}},"375":{"start":{"line":376,"column":0},"end":{"line":376,"column":1}}},"s":{"0":1,"1":1,"2":1,"3":1,"4":1,"5":1,"6":1,"7":1,"8":1,"9":1,"10":1,"11":1,"12":1,"13":1,"14":1,"15":1,"16":1,"17":1,"18":1,"19":1,"20":1,"21":1,"22":1,"23":9,"24":9,"25":9,"26":9,"27":9,"28":9,"29":9,"30":9,"31":0,"32":0,"33":9,"34":9,"35":9,"36":9,"37":9,"38":9,"39":9,"40":9,"41":9,"42":9,"43":9,"44":9,"45":9,"46":9,"47":1,"48":1,"49":1,"50":1,"51":26,"52":26,"53":26,"54":26,"55":26,"56":26,"57":26,"58":26,"59":26,"60":55,"61":16,"62":16,"63":16,"64":16,"65":55,"66":1,"67":1,"68":1,"69":1,"70":1,"71":1,"72":1,"73":1,"74":1,"75":2,"76":2,"77":2,"78":1,"79":1,"80":1,"81":1,"82":15,"83":15,"84":55,"85":0,"86":0,"87":15,"88":15,"89":55,"90":12,"91":12,"92":12,"93":2,"94":2,"95":12,"96":10,"97":10,"98":12,"99":12,"100":15,"101":15,"102":15,"103":15,"104":15,"105":55,"106":26,"107":1,"108":1,"109":1,"110":1,"111":12,"112":12,"113":12,"114":12,"115":12,"116":12,"117":12,"118":12,"119":0,"120":0,"121":12,"122":12,"123":12,"124":12,"125":12,"126":1,"127":11,"128":12,"129":12,"130":12,"131":12,"132":34,"133":10,"134":10,"135":34,"136":12,"137":12,"138":12,"139":12,"140":12,"141":12,"142":12,"143":12,"144":12,"145":12,"146":12,"147":12,"148":12,"149":12,"150":1,"151":1,"152":1,"153":1,"154":1,"155":1,"156":1,"157":1,"158":1,"159":1,"160":1,"161":1,"162":1,"163":1,"164":1,"165":1,"166":1,"167":1,"168":1,"169":1,"170":1,"171":1,"172":12,"173":12,"174":12,"175":12,"176":11,"177":10,"178":11,"179":1,"180":1,"181":1,"182":0,"183":1,"184":1,"185":1,"186":1,"187":11,"188":12,"189":12,"190":12,"191":1,"192":1,"193":1,"194":1,"195":3,"196":3,"197":3,"198":3,"199":7,"200":5,"201":7,"202":2,"203":2,"204":2,"205":2,"206":2,"207":2,"208":2,"209":2,"210":2,"211":7,"212":3,"213":3,"214":3,"215":1,"216":1,"217":1,"218":1,"219":13,"220":13,"221":13,"222":13,"223":13,"224":13,"225":13,"226":12,"227":12,"228":12,"229":12,"230":12,"231":12,"232":12,"233":1,"234":1,"235":1,"236":1,"237":1,"238":1,"239":1,"240":1,"241":4,"242":4,"243":4,"244":4,"245":4,"246":4,"247":4,"248":3,"249":3,"250":3,"251":3,"252":3,"253":3,"254":3,"255":6,"256":6,"257":6,"258":6,"259":6,"260":6,"261":3,"262":3,"263":3,"264":3,"265":1,"266":1,"267":1,"268":1,"269":1,"270":6,"271":6,"272":6,"273":6,"274":6,"275":6,"276":6,"277":6,"278":7,"279":7,"280":7,"281":7,"282":6,"283":6,"284":6,"285":1,"286":1,"287":1,"288":1,"289":1,"290":1,"291":1,"292":1,"293":1,"294":6,"295":6,"296":6,"297":6,"298":7,"299":7,"300":3,"301":3,"302":1,"303":1,"304":1,"305":1,"306":1,"307":1,"308":1,"309":1,"310":1,"311":3,"312":3,"313":3,"314":3,"315":1,"316":1,"317":1,"318":1,"319":1,"320":1,"321":1,"322":1,"323":1,"324":3,"325":7,"326":7,"327":7,"328":6,"329":6,"330":6,"331":6,"332":6,"333":6,"334":6,"335":6,"336":6,"337":7,"338":6,"339":6,"340":6,"341":1,"342":1,"343":1,"344":1,"345":1,"346":1,"347":1,"348":1,"349":1,"350":1,"351":1,"352":6,"353":6,"354":6,"355":1,"356":1,"357":1,"358":1,"359":1,"360":0,"361":0,"362":0,"363":0,"364":0,"365":0,"366":0,"367":0,"368":0,"369":0,"370":0,"371":0,"372":0,"373":0,"374":0,"375":0},"branchMap":{"0":{"type":"branch","line":23,"loc":{"start":{"line":23,"column":7},"end":{"line":47,"column":1}},"locations":[{"start":{"line":23,"column":7},"end":{"line":47,"column":1}}]},"1":{"type":"branch","line":30,"loc":{"start":{"line":30,"column":33},"end":{"line":36,"column":3}},"locations":[{"start":{"line":30,"column":33},"end":{"line":36,"column":3}}]},"2":{"type":"branch","line":31,"loc":{"start":{"line":31,"column":15},"end":{"line":33,"column":5}},"locations":[{"start":{"line":31,"column":15},"end":{"line":33,"column":5}}]},"3":{"type":"branch","line":52,"loc":{"start":{"line":52,"column":0},"end":{"line":107,"column":1}},"locations":[{"start":{"line":52,"column":0},"end":{"line":107,"column":1}}]},"4":{"type":"branch","line":60,"loc":{"start":{"line":60,"column":28},"end":{"line":106,"column":3}},"locations":[{"start":{"line":60,"column":28},"end":{"line":106,"column":3}}]},"5":{"type":"branch","line":61,"loc":{"start":{"line":61,"column":29},"end":{"line":61,"column":37}},"locations":[{"start":{"line":61,"column":29},"end":{"line":61,"column":37}}]},"6":{"type":"branch","line":61,"loc":{"start":{"line":61,"column":29},"end":{"line":66,"column":40}},"locations":[{"start":{"line":61,"column":29},"end":{"line":66,"column":40}}]},"7":{"type":"branch","line":66,"loc":{"start":{"line":66,"column":40},"end":{"line":82,"column":5}},"locations":[{"start":{"line":66,"column":40},"end":{"line":82,"column":5}}]},"8":{"type":"branch","line":82,"loc":{"start":{"line":82,"column":4},"end":{"line":85,"column":59}},"locations":[{"start":{"line":82,"column":4},"end":{"line":85,"column":59}}]},"9":{"type":"branch","line":85,"loc":{"start":{"line":85,"column":59},"end":{"line":87,"column":5}},"locations":[{"start":{"line":85,"column":59},"end":{"line":87,"column":5}}]},"10":{"type":"branch","line":87,"loc":{"start":{"line":87,"column":4},"end":{"line":90,"column":44}},"locations":[{"start":{"line":87,"column":4},"end":{"line":90,"column":44}}]},"11":{"type":"branch","line":90,"loc":{"start":{"line":90,"column":39},"end":{"line":90,"column":74}},"locations":[{"start":{"line":90,"column":39},"end":{"line":90,"column":74}}]},"12":{"type":"branch","line":90,"loc":{"start":{"line":90,"column":74},"end":{"line":100,"column":5}},"locations":[{"start":{"line":90,"column":74},"end":{"line":100,"column":5}}]},"13":{"type":"branch","line":93,"loc":{"start":{"line":93,"column":12},"end":{"line":93,"column":61}},"locations":[{"start":{"line":93,"column":12},"end":{"line":93,"column":61}}]},"14":{"type":"branch","line":93,"loc":{"start":{"line":93,"column":61},"end":{"line":96,"column":15}},"locations":[{"start":{"line":93,"column":61},"end":{"line":96,"column":15}}]},"15":{"type":"branch","line":96,"loc":{"start":{"line":96,"column":8},"end":{"line":98,"column":9}},"locations":[{"start":{"line":96,"column":8},"end":{"line":98,"column":9}}]},"16":{"type":"branch","line":100,"loc":{"start":{"line":100,"column":4},"end":{"line":105,"column":5}},"locations":[{"start":{"line":100,"column":4},"end":{"line":105,"column":5}}]},"17":{"type":"branch","line":72,"loc":{"start":{"line":72,"column":8},"end":{"line":72,"column":103}},"locations":[{"start":{"line":72,"column":8},"end":{"line":72,"column":103}}]},"18":{"type":"branch","line":72,"loc":{"start":{"line":72,"column":34},"end":{"line":72,"column":103}},"locations":[{"start":{"line":72,"column":34},"end":{"line":72,"column":103}}]},"19":{"type":"branch","line":75,"loc":{"start":{"line":75,"column":20},"end":{"line":79,"column":7}},"locations":[{"start":{"line":75,"column":20},"end":{"line":79,"column":7}}]},"20":{"type":"branch","line":112,"loc":{"start":{"line":112,"column":0},"end":{"line":150,"column":1}},"locations":[{"start":{"line":112,"column":0},"end":{"line":150,"column":1}}]},"21":{"type":"branch","line":116,"loc":{"start":{"line":116,"column":23},"end":{"line":116,"column":34}},"locations":[{"start":{"line":116,"column":23},"end":{"line":116,"column":34}}]},"22":{"type":"branch","line":119,"loc":{"start":{"line":119,"column":36},"end":{"line":121,"column":3}},"locations":[{"start":{"line":119,"column":36},"end":{"line":121,"column":3}}]},"23":{"type":"branch","line":126,"loc":{"start":{"line":126,"column":32},"end":{"line":127,"column":27}},"locations":[{"start":{"line":126,"column":32},"end":{"line":127,"column":27}}]},"24":{"type":"branch","line":127,"loc":{"start":{"line":127,"column":26},"end":{"line":128,"column":29}},"locations":[{"start":{"line":127,"column":26},"end":{"line":128,"column":29}}]},"25":{"type":"branch","line":132,"loc":{"start":{"line":132,"column":62},"end":{"line":136,"column":3}},"locations":[{"start":{"line":132,"column":62},"end":{"line":136,"column":3}}]},"26":{"type":"branch","line":133,"loc":{"start":{"line":133,"column":39},"end":{"line":133,"column":74}},"locations":[{"start":{"line":133,"column":39},"end":{"line":133,"column":74}}]},"27":{"type":"branch","line":133,"loc":{"start":{"line":133,"column":74},"end":{"line":135,"column":5}},"locations":[{"start":{"line":133,"column":74},"end":{"line":135,"column":5}}]},"28":{"type":"branch","line":155,"loc":{"start":{"line":155,"column":0},"end":{"line":168,"column":1}},"locations":[{"start":{"line":155,"column":0},"end":{"line":168,"column":1}}]},"29":{"type":"branch","line":157,"loc":{"start":{"line":157,"column":49},"end":{"line":157,"column":59}},"locations":[{"start":{"line":157,"column":49},"end":{"line":157,"column":59}}]},"30":{"type":"branch","line":158,"loc":{"start":{"line":158,"column":49},"end":{"line":158,"column":61}},"locations":[{"start":{"line":158,"column":49},"end":{"line":158,"column":61}}]},"31":{"type":"branch","line":173,"loc":{"start":{"line":173,"column":0},"end":{"line":191,"column":1}},"locations":[{"start":{"line":173,"column":0},"end":{"line":191,"column":1}}]},"32":{"type":"branch","line":176,"loc":{"start":{"line":176,"column":30},"end":{"line":176,"column":46}},"locations":[{"start":{"line":176,"column":30},"end":{"line":176,"column":46}}]},"33":{"type":"branch","line":176,"loc":{"start":{"line":176,"column":46},"end":{"line":188,"column":3}},"locations":[{"start":{"line":176,"column":46},"end":{"line":188,"column":3}}]},"34":{"type":"branch","line":177,"loc":{"start":{"line":177,"column":31},"end":{"line":179,"column":15}},"locations":[{"start":{"line":177,"column":31},"end":{"line":179,"column":15}}]},"35":{"type":"branch","line":179,"loc":{"start":{"line":179,"column":4},"end":{"line":187,"column":5}},"locations":[{"start":{"line":179,"column":4},"end":{"line":187,"column":5}}]},"36":{"type":"branch","line":182,"loc":{"start":{"line":182,"column":28},"end":{"line":184,"column":13}},"locations":[{"start":{"line":182,"column":28},"end":{"line":184,"column":13}}]},"37":{"type":"branch","line":196,"loc":{"start":{"line":196,"column":0},"end":{"line":215,"column":1}},"locations":[{"start":{"line":196,"column":0},"end":{"line":215,"column":1}}]},"38":{"type":"branch","line":199,"loc":{"start":{"line":199,"column":30},"end":{"line":199,"column":46}},"locations":[{"start":{"line":199,"column":30},"end":{"line":199,"column":46}}]},"39":{"type":"branch","line":199,"loc":{"start":{"line":199,"column":46},"end":{"line":212,"column":3}},"locations":[{"start":{"line":199,"column":46},"end":{"line":212,"column":3}}]},"40":{"type":"branch","line":200,"loc":{"start":{"line":200,"column":31},"end":{"line":202,"column":15}},"locations":[{"start":{"line":200,"column":31},"end":{"line":202,"column":15}}]},"41":{"type":"branch","line":202,"loc":{"start":{"line":202,"column":4},"end":{"line":211,"column":5}},"locations":[{"start":{"line":202,"column":4},"end":{"line":211,"column":5}}]},"42":{"type":"branch","line":204,"loc":{"start":{"line":204,"column":48},"end":{"line":204,"column":61}},"locations":[{"start":{"line":204,"column":48},"end":{"line":204,"column":61}}]},"43":{"type":"branch","line":207,"loc":{"start":{"line":207,"column":22},"end":{"line":207,"column":66}},"locations":[{"start":{"line":207,"column":22},"end":{"line":207,"column":66}}]},"44":{"type":"branch","line":220,"loc":{"start":{"line":220,"column":0},"end":{"line":236,"column":1}},"locations":[{"start":{"line":220,"column":0},"end":{"line":236,"column":1}}]},"45":{"type":"branch","line":226,"loc":{"start":{"line":226,"column":6},"end":{"line":226,"column":42}},"locations":[{"start":{"line":226,"column":6},"end":{"line":226,"column":42}}]},"46":{"type":"branch","line":226,"loc":{"start":{"line":226,"column":42},"end":{"line":233,"column":3}},"locations":[{"start":{"line":226,"column":42},"end":{"line":233,"column":3}}]},"47":{"type":"branch","line":233,"loc":{"start":{"line":233,"column":2},"end":{"line":236,"column":1}},"locations":[{"start":{"line":233,"column":2},"end":{"line":236,"column":1}}]},"48":{"type":"branch","line":241,"loc":{"start":{"line":241,"column":7},"end":{"line":265,"column":1}},"locations":[{"start":{"line":241,"column":7},"end":{"line":265,"column":1}}]},"49":{"type":"branch","line":248,"loc":{"start":{"line":248,"column":14},"end":{"line":248,"column":27}},"locations":[{"start":{"line":248,"column":14},"end":{"line":248,"column":27}}]},"50":{"type":"branch","line":248,"loc":{"start":{"line":248,"column":21},"end":{"line":265,"column":1}},"locations":[{"start":{"line":248,"column":21},"end":{"line":265,"column":1}}]},"51":{"type":"branch","line":255,"loc":{"start":{"line":255,"column":61},"end":{"line":261,"column":5}},"locations":[{"start":{"line":255,"column":61},"end":{"line":261,"column":5}}]},"52":{"type":"branch","line":270,"loc":{"start":{"line":270,"column":7},"end":{"line":355,"column":1}},"locations":[{"start":{"line":270,"column":7},"end":{"line":355,"column":1}}]},"53":{"type":"branch","line":278,"loc":{"start":{"line":278,"column":32},"end":{"line":282,"column":3}},"locations":[{"start":{"line":278,"column":32},"end":{"line":282,"column":3}}]},"54":{"type":"branch","line":279,"loc":{"start":{"line":279,"column":43},"end":{"line":279,"column":50}},"locations":[{"start":{"line":279,"column":43},"end":{"line":279,"column":50}}]},"55":{"type":"branch","line":285,"loc":{"start":{"line":285,"column":32},"end":{"line":294,"column":5}},"locations":[{"start":{"line":285,"column":32},"end":{"line":294,"column":5}}]},"56":{"type":"branch","line":298,"loc":{"start":{"line":298,"column":32},"end":{"line":338,"column":3}},"locations":[{"start":{"line":298,"column":32},"end":{"line":338,"column":3}}]},"57":{"type":"branch","line":300,"loc":{"start":{"line":300,"column":33},"end":{"line":325,"column":5}},"locations":[{"start":{"line":300,"column":33},"end":{"line":325,"column":5}}]},"58":{"type":"branch","line":302,"loc":{"start":{"line":302,"column":34},"end":{"line":311,"column":7}},"locations":[{"start":{"line":302,"column":34},"end":{"line":311,"column":7}}]},"59":{"type":"branch","line":314,"loc":{"start":{"line":314,"column":36},"end":{"line":314,"column":45}},"locations":[{"start":{"line":314,"column":36},"end":{"line":314,"column":45}}]},"60":{"type":"branch","line":315,"loc":{"start":{"line":315,"column":67},"end":{"line":324,"column":7}},"locations":[{"start":{"line":315,"column":67},"end":{"line":324,"column":7}}]},"61":{"type":"branch","line":328,"loc":{"start":{"line":328,"column":23},"end":{"line":337,"column":5}},"locations":[{"start":{"line":328,"column":23},"end":{"line":337,"column":5}}]},"62":{"type":"branch","line":341,"loc":{"start":{"line":341,"column":42},"end":{"line":352,"column":3}},"locations":[{"start":{"line":341,"column":42},"end":{"line":352,"column":3}}]}},"b":{"0":[9],"1":[9],"2":[0],"3":[26],"4":[55],"5":[39],"6":[16],"7":[1],"8":[15],"9":[0],"10":[15],"11":[12],"12":[12],"13":[2],"14":[2],"15":[10],"16":[15],"17":[5],"18":[2],"19":[2],"20":[12],"21":[0],"22":[0],"23":[1],"24":[11],"25":[34],"26":[22],"27":[10],"28":[1],"29":[0],"30":[0],"31":[12],"32":[0],"33":[11],"34":[10],"35":[1],"36":[0],"37":[3],"38":[0],"39":[7],"40":[5],"41":[2],"42":[0],"43":[0],"44":[13],"45":[12],"46":[12],"47":[1],"48":[4],"49":[1],"50":[3],"51":[6],"52":[6],"53":[7],"54":[6],"55":[1],"56":[7],"57":[3],"58":[1],"59":[0],"60":[1],"61":[6],"62":[1]},"fnMap":{"0":{"name":"parseMarkers","decl":{"start":{"line":23,"column":7},"end":{"line":47,"column":1}},"loc":{"start":{"line":23,"column":7},"end":{"line":47,"column":1}},"line":23},"1":{"name":"traverseNodes","decl":{"start":{"line":52,"column":0},"end":{"line":107,"column":1}},"loc":{"start":{"line":52,"column":0},"end":{"line":107,"column":1}},"line":52},"2":{"name":"parseMarker","decl":{"start":{"line":112,"column":0},"end":{"line":150,"column":1}},"loc":{"start":{"line":112,"column":0},"end":{"line":150,"column":1}},"line":112},"3":{"name":"parseRepeatBlock","decl":{"start":{"line":155,"column":0},"end":{"line":168,"column":1}},"loc":{"start":{"line":155,"column":0},"end":{"line":168,"column":1}},"line":155},"4":{"name":"getTextContent","decl":{"start":{"line":173,"column":0},"end":{"line":191,"column":1}},"loc":{"start":{"line":173,"column":0},"end":{"line":191,"column":1}},"line":173},"5":{"name":"getInnerHtml","decl":{"start":{"line":196,"column":0},"end":{"line":215,"column":1}},"loc":{"start":{"line":196,"column":0},"end":{"line":215,"column":1}},"line":196},"6":{"name":"getPosition","decl":{"start":{"line":220,"column":0},"end":{"line":236,"column":1}},"loc":{"start":{"line":220,"column":0},"end":{"line":236,"column":1}},"line":220},"7":{"name":"extractColors","decl":{"start":{"line":241,"column":7},"end":{"line":265,"column":1}},"loc":{"start":{"line":241,"column":7},"end":{"line":265,"column":1}},"line":241},"8":{"name":"validateMarkers","decl":{"start":{"line":270,"column":7},"end":{"line":355,"column":1}},"loc":{"start":{"line":270,"column":7},"end":{"line":355,"column":1}},"line":270},"9":{"name":"parseHtml","decl":{"start":{"line":360,"column":7},"end":{"line":376,"column":1}},"loc":{"start":{"line":360,"column":7},"end":{"line":376,"column":1}},"line":360}},"f":{"0":9,"1":26,"2":12,"3":1,"4":12,"5":3,"6":13,"7":4,"8":6,"9":0}}
}
